<?xml version="1.0" encoding="UTF-8"?>
<!-- Generated by org.testng.reporters.JUnitReportReporter -->
<testsuite hostname="AzadSingh" failures="0" tests="3" name="files.DynamicJson" time="3.973" errors="0" timestamp="2024-04-17T15:10:53 IST" skipped="0">
  <testcase classname="files.DynamicJson" name="addBook" time="0.561"/>
  <testcase classname="files.DynamicJson" name="addBook" time="2.834"/>
  <testcase classname="files.DynamicJson" name="addBook" time="0.578"/>
</testsuite> <!-- files.DynamicJson -->
